<html>
<head>
<title>TestNG:  Test</title>
<link href="../testng.css" rel="stylesheet" type="text/css" />
<link href="../my-testng.css" rel="stylesheet" type="text/css" />

<style type="text/css">
.log { display: none;} 
.stack-trace { display: none;} 
</style>
<script type="text/javascript">
<!--
function flip(e) {
  current = e.style.display;
  if (current == 'block') {
    e.style.display = 'none';
    return 0;
  }
  else {
    e.style.display = 'block';
    return 1;
  }
}

function toggleBox(szDivId, elem, msg1, msg2)
{
  var res = -1;  if (document.getElementById) {
    res = flip(document.getElementById(szDivId));
  }
  else if (document.all) {
    // this is the way old msie versions work
    res = flip(document.all[szDivId]);
  }
  if(elem) {
    if(res == 0) elem.innerHTML = msg1; else elem.innerHTML = msg2;
  }

}

function toggleAllBoxes() {
  if (document.getElementsByTagName) {
    d = document.getElementsByTagName('div');
    for (i = 0; i < d.length; i++) {
      if (d[i].className == 'log') {
        flip(d[i]);
      }
    }
  }
}

// -->
</script>

</head>
<body>
<h2 align='center'>Test</h2><table border='1' align="center">
<tr>
<td>Tests passed/Failed/Skipped:</td><td>51/9/1</td>
</tr><tr>
<td>Started on:</td><td>Thu Apr 10 21:46:59 IST 2025</td>
</tr>
<tr><td>Total time:</td><td>85 seconds (85794 ms)</td>
</tr><tr>
<td>Included groups:</td><td></td>
</tr><tr>
<td>Excluded groups:</td><td></td>
</tr>
</table><p/>
<small><i>(Hover the method name to see the test class name)</i></small><p/>
<table width='100%' border='1' class='invocation-failed'>
<tr><td colspan='4' align='center'><b>FAILED TESTS</b></td></tr>
<tr><td><b>Test method</b></td>
<td><b>Attribute(s)</b></td>
<td width="30%"><b>Exception</b></td>
<td width="10%"><b>Time (seconds)</b></td>
<td><b>Instance</b></td>
</tr>
<tr>
<td title='demoTestNG.TestScenario9.fifth_testcase()'><b>fifth_testcase</b><br>Test class: demoTestNG.TestScenario9</td>
<td><div><pre>java.lang.AssertionError: expected [Hello1] but found [Hello]
	at demoTestNG.TestScenario9.fifth_testcase(TestScenario9.java:38)
	at java.base/java.util.ArrayList.forEach(ArrayList.java:1597)
... Removed 31 stack frames</pre></div><a href='#' onClick='toggleBox("stack-trace1944798106", this, "Click to show all stack frames", "Click to hide stack frames")'>Click to show all stack frames</a>
<div class='stack-trace' id='stack-trace1944798106'><pre>java.lang.AssertionError: expected [Hello1] but found [Hello]
	at org.testng.Assert.fail(Assert.java:111)
	at org.testng.Assert.failNotEquals(Assert.java:1578)
	at org.testng.Assert.assertEqualsImpl(Assert.java:150)
	at org.testng.Assert.assertEquals(Assert.java:132)
	at org.testng.Assert.assertEquals(Assert.java:656)
	at org.testng.Assert.assertEquals(Assert.java:666)
	at demoTestNG.TestScenario9.fifth_testcase(TestScenario9.java:38)
	at java.base/jdk.internal.reflect.DirectMethodHandleAccessor.invoke(DirectMethodHandleAccessor.java:103)
	at java.base/java.lang.reflect.Method.invoke(Method.java:580)
	at org.testng.internal.invokers.MethodInvocationHelper.invokeMethod(MethodInvocationHelper.java:141)
	at org.testng.internal.invokers.TestInvoker.invokeMethod(TestInvoker.java:686)
	at org.testng.internal.invokers.TestInvoker.invokeTestMethod(TestInvoker.java:230)
	at org.testng.internal.invokers.MethodRunner.runInSequence(MethodRunner.java:63)
	at org.testng.internal.invokers.TestInvoker$MethodInvocationAgent.invoke(TestInvoker.java:992)
	at org.testng.internal.invokers.TestInvoker.invokeTestMethods(TestInvoker.java:203)
	at org.testng.internal.invokers.TestMethodWorker.invokeTestMethods(TestMethodWorker.java:154)
	at org.testng.internal.invokers.TestMethodWorker.run(TestMethodWorker.java:134)
	at java.base/java.util.ArrayList.forEach(ArrayList.java:1597)
	at org.testng.TestRunner.privateRun(TestRunner.java:739)
	at org.testng.TestRunner.run(TestRunner.java:614)
	at org.testng.SuiteRunner.runTest(SuiteRunner.java:421)
	at org.testng.SuiteRunner.runSequentially(SuiteRunner.java:413)
	at org.testng.SuiteRunner.privateRun(SuiteRunner.java:373)
	at org.testng.SuiteRunner.run(SuiteRunner.java:312)
	at org.testng.SuiteRunnerWorker.runSuite(SuiteRunnerWorker.java:52)
	at org.testng.SuiteRunnerWorker.run(SuiteRunnerWorker.java:95)
	at org.testng.TestNG.runSuitesSequentially(TestNG.java:1274)
	at org.testng.TestNG.runSuitesLocally(TestNG.java:1208)
	at org.testng.TestNG.runSuites(TestNG.java:1112)
	at org.testng.TestNG.run(TestNG.java:1079)
	at org.testng.remote.AbstractRemoteTestNG.run(AbstractRemoteTestNG.java:115)
	at org.testng.remote.RemoteTestNG.initAndRun(RemoteTestNG.java:293)
	at org.testng.remote.RemoteTestNG.main(RemoteTestNG.java:91)
</pre></div></td>
<td>0</td>
<td>demoTestNG.TestScenario9@29e495ff</td></tr>
<tr>
<td title='demoTestNG.TestScenario.forth_testcase()'><b>forth_testcase</b><br>Test class: demoTestNG.TestScenario</td>
<td><div><pre>java.lang.AssertionError: expected [Hello1] but found [Hello]
	at demoTestNG.TestScenario.forth_testcase(TestScenario.java:36)
	at java.base/java.util.ArrayList.forEach(ArrayList.java:1597)
... Removed 31 stack frames</pre></div><a href='#' onClick='toggleBox("stack-trace1293680734", this, "Click to show all stack frames", "Click to hide stack frames")'>Click to show all stack frames</a>
<div class='stack-trace' id='stack-trace1293680734'><pre>java.lang.AssertionError: expected [Hello1] but found [Hello]
	at org.testng.Assert.fail(Assert.java:111)
	at org.testng.Assert.failNotEquals(Assert.java:1578)
	at org.testng.Assert.assertEqualsImpl(Assert.java:150)
	at org.testng.Assert.assertEquals(Assert.java:132)
	at org.testng.Assert.assertEquals(Assert.java:656)
	at org.testng.Assert.assertEquals(Assert.java:666)
	at demoTestNG.TestScenario.forth_testcase(TestScenario.java:36)
	at java.base/jdk.internal.reflect.DirectMethodHandleAccessor.invoke(DirectMethodHandleAccessor.java:103)
	at java.base/java.lang.reflect.Method.invoke(Method.java:580)
	at org.testng.internal.invokers.MethodInvocationHelper.invokeMethod(MethodInvocationHelper.java:141)
	at org.testng.internal.invokers.TestInvoker.invokeMethod(TestInvoker.java:686)
	at org.testng.internal.invokers.TestInvoker.invokeTestMethod(TestInvoker.java:230)
	at org.testng.internal.invokers.MethodRunner.runInSequence(MethodRunner.java:63)
	at org.testng.internal.invokers.TestInvoker$MethodInvocationAgent.invoke(TestInvoker.java:992)
	at org.testng.internal.invokers.TestInvoker.invokeTestMethods(TestInvoker.java:203)
	at org.testng.internal.invokers.TestMethodWorker.invokeTestMethods(TestMethodWorker.java:154)
	at org.testng.internal.invokers.TestMethodWorker.run(TestMethodWorker.java:134)
	at java.base/java.util.ArrayList.forEach(ArrayList.java:1597)
	at org.testng.TestRunner.privateRun(TestRunner.java:739)
	at org.testng.TestRunner.run(TestRunner.java:614)
	at org.testng.SuiteRunner.runTest(SuiteRunner.java:421)
	at org.testng.SuiteRunner.runSequentially(SuiteRunner.java:413)
	at org.testng.SuiteRunner.privateRun(SuiteRunner.java:373)
	at org.testng.SuiteRunner.run(SuiteRunner.java:312)
	at org.testng.SuiteRunnerWorker.runSuite(SuiteRunnerWorker.java:52)
	at org.testng.SuiteRunnerWorker.run(SuiteRunnerWorker.java:95)
	at org.testng.TestNG.runSuitesSequentially(TestNG.java:1274)
	at org.testng.TestNG.runSuitesLocally(TestNG.java:1208)
	at org.testng.TestNG.runSuites(TestNG.java:1112)
	at org.testng.TestNG.run(TestNG.java:1079)
	at org.testng.remote.AbstractRemoteTestNG.run(AbstractRemoteTestNG.java:115)
	at org.testng.remote.RemoteTestNG.initAndRun(RemoteTestNG.java:293)
	at org.testng.remote.RemoteTestNG.main(RemoteTestNG.java:91)
</pre></div></td>
<td>0</td>
<td>demoTestNG.TestScenario@1eb5174b</td></tr>
<tr>
<td title='demoTestNG.TestScenario6.second_testcase()'><b>second_testcase</b><br>Test class: demoTestNG.TestScenario6</td>
<td><div><pre>java.lang.AssertionError: expected [Hello1] but found [Hello]
	at demoTestNG.TestScenario6.second_testcase(TestScenario6.java:19)
	at java.base/java.util.ArrayList.forEach(ArrayList.java:1597)
... Removed 31 stack frames</pre></div><a href='#' onClick='toggleBox("stack-trace2017860548", this, "Click to show all stack frames", "Click to hide stack frames")'>Click to show all stack frames</a>
<div class='stack-trace' id='stack-trace2017860548'><pre>java.lang.AssertionError: expected [Hello1] but found [Hello]
	at org.testng.Assert.fail(Assert.java:111)
	at org.testng.Assert.failNotEquals(Assert.java:1578)
	at org.testng.Assert.assertEqualsImpl(Assert.java:150)
	at org.testng.Assert.assertEquals(Assert.java:132)
	at org.testng.Assert.assertEquals(Assert.java:656)
	at org.testng.Assert.assertEquals(Assert.java:666)
	at demoTestNG.TestScenario6.second_testcase(TestScenario6.java:19)
	at java.base/jdk.internal.reflect.DirectMethodHandleAccessor.invoke(DirectMethodHandleAccessor.java:103)
	at java.base/java.lang.reflect.Method.invoke(Method.java:580)
	at org.testng.internal.invokers.MethodInvocationHelper.invokeMethod(MethodInvocationHelper.java:141)
	at org.testng.internal.invokers.TestInvoker.invokeMethod(TestInvoker.java:686)
	at org.testng.internal.invokers.TestInvoker.invokeTestMethod(TestInvoker.java:230)
	at org.testng.internal.invokers.MethodRunner.runInSequence(MethodRunner.java:63)
	at org.testng.internal.invokers.TestInvoker$MethodInvocationAgent.invoke(TestInvoker.java:992)
	at org.testng.internal.invokers.TestInvoker.invokeTestMethods(TestInvoker.java:203)
	at org.testng.internal.invokers.TestMethodWorker.invokeTestMethods(TestMethodWorker.java:154)
	at org.testng.internal.invokers.TestMethodWorker.run(TestMethodWorker.java:134)
	at java.base/java.util.ArrayList.forEach(ArrayList.java:1597)
	at org.testng.TestRunner.privateRun(TestRunner.java:739)
	at org.testng.TestRunner.run(TestRunner.java:614)
	at org.testng.SuiteRunner.runTest(SuiteRunner.java:421)
	at org.testng.SuiteRunner.runSequentially(SuiteRunner.java:413)
	at org.testng.SuiteRunner.privateRun(SuiteRunner.java:373)
	at org.testng.SuiteRunner.run(SuiteRunner.java:312)
	at org.testng.SuiteRunnerWorker.runSuite(SuiteRunnerWorker.java:52)
	at org.testng.SuiteRunnerWorker.run(SuiteRunnerWorker.java:95)
	at org.testng.TestNG.runSuitesSequentially(TestNG.java:1274)
	at org.testng.TestNG.runSuitesLocally(TestNG.java:1208)
	at org.testng.TestNG.runSuites(TestNG.java:1112)
	at org.testng.TestNG.run(TestNG.java:1079)
	at org.testng.remote.AbstractRemoteTestNG.run(AbstractRemoteTestNG.java:115)
	at org.testng.remote.RemoteTestNG.initAndRun(RemoteTestNG.java:293)
	at org.testng.remote.RemoteTestNG.main(RemoteTestNG.java:91)
</pre></div></td>
<td>0</td>
<td>demoTestNG.TestScenario6@272ed83b</td></tr>
<tr>
<td title='demoTestNG.TestScenario9.forth_testcase()'><b>forth_testcase</b><br>Test class: demoTestNG.TestScenario9</td>
<td><div><pre>java.lang.AssertionError: expected [Hello1] but found [Hello]
	at demoTestNG.TestScenario9.forth_testcase(TestScenario9.java:31)
	at java.base/java.util.ArrayList.forEach(ArrayList.java:1597)
... Removed 31 stack frames</pre></div><a href='#' onClick='toggleBox("stack-trace808228639", this, "Click to show all stack frames", "Click to hide stack frames")'>Click to show all stack frames</a>
<div class='stack-trace' id='stack-trace808228639'><pre>java.lang.AssertionError: expected [Hello1] but found [Hello]
	at org.testng.Assert.fail(Assert.java:111)
	at org.testng.Assert.failNotEquals(Assert.java:1578)
	at org.testng.Assert.assertEqualsImpl(Assert.java:150)
	at org.testng.Assert.assertEquals(Assert.java:132)
	at org.testng.Assert.assertEquals(Assert.java:656)
	at org.testng.Assert.assertEquals(Assert.java:666)
	at demoTestNG.TestScenario9.forth_testcase(TestScenario9.java:31)
	at java.base/jdk.internal.reflect.DirectMethodHandleAccessor.invoke(DirectMethodHandleAccessor.java:103)
	at java.base/java.lang.reflect.Method.invoke(Method.java:580)
	at org.testng.internal.invokers.MethodInvocationHelper.invokeMethod(MethodInvocationHelper.java:141)
	at org.testng.internal.invokers.TestInvoker.invokeMethod(TestInvoker.java:686)
	at org.testng.internal.invokers.TestInvoker.invokeTestMethod(TestInvoker.java:230)
	at org.testng.internal.invokers.MethodRunner.runInSequence(MethodRunner.java:63)
	at org.testng.internal.invokers.TestInvoker$MethodInvocationAgent.invoke(TestInvoker.java:992)
	at org.testng.internal.invokers.TestInvoker.invokeTestMethods(TestInvoker.java:203)
	at org.testng.internal.invokers.TestMethodWorker.invokeTestMethods(TestMethodWorker.java:154)
	at org.testng.internal.invokers.TestMethodWorker.run(TestMethodWorker.java:134)
	at java.base/java.util.ArrayList.forEach(ArrayList.java:1597)
	at org.testng.TestRunner.privateRun(TestRunner.java:739)
	at org.testng.TestRunner.run(TestRunner.java:614)
	at org.testng.SuiteRunner.runTest(SuiteRunner.java:421)
	at org.testng.SuiteRunner.runSequentially(SuiteRunner.java:413)
	at org.testng.SuiteRunner.privateRun(SuiteRunner.java:373)
	at org.testng.SuiteRunner.run(SuiteRunner.java:312)
	at org.testng.SuiteRunnerWorker.runSuite(SuiteRunnerWorker.java:52)
	at org.testng.SuiteRunnerWorker.run(SuiteRunnerWorker.java:95)
	at org.testng.TestNG.runSuitesSequentially(TestNG.java:1274)
	at org.testng.TestNG.runSuitesLocally(TestNG.java:1208)
	at org.testng.TestNG.runSuites(TestNG.java:1112)
	at org.testng.TestNG.run(TestNG.java:1079)
	at org.testng.remote.AbstractRemoteTestNG.run(AbstractRemoteTestNG.java:115)
	at org.testng.remote.RemoteTestNG.initAndRun(RemoteTestNG.java:293)
	at org.testng.remote.RemoteTestNG.main(RemoteTestNG.java:91)
</pre></div></td>
<td>0</td>
<td>demoTestNG.TestScenario9@29e495ff</td></tr>
<tr>
<td title='demoTestNG.TestScenario7.third_testcase()'><b>third_testcase</b><br>Test class: demoTestNG.TestScenario7</td>
<td><div><pre>java.lang.AssertionError: expected [false] but found [true]
	at demoTestNG.TestScenario7.third_testcase(TestScenario7.java:25)
	at java.base/java.util.ArrayList.forEach(ArrayList.java:1597)
... Removed 32 stack frames</pre></div><a href='#' onClick='toggleBox("stack-trace449338124", this, "Click to show all stack frames", "Click to hide stack frames")'>Click to show all stack frames</a>
<div class='stack-trace' id='stack-trace449338124'><pre>java.lang.AssertionError: expected [false] but found [true]
	at org.testng.Assert.fail(Assert.java:111)
	at org.testng.Assert.failNotEquals(Assert.java:1578)
	at org.testng.Assert.assertEqualsImpl(Assert.java:150)
	at org.testng.Assert.assertEquals(Assert.java:132)
	at org.testng.Assert.assertEquals(Assert.java:1067)
	at org.testng.Assert.assertEquals(Assert.java:1031)
	at org.testng.Assert.assertEquals(Assert.java:1077)
	at demoTestNG.TestScenario7.third_testcase(TestScenario7.java:25)
	at java.base/jdk.internal.reflect.DirectMethodHandleAccessor.invoke(DirectMethodHandleAccessor.java:103)
	at java.base/java.lang.reflect.Method.invoke(Method.java:580)
	at org.testng.internal.invokers.MethodInvocationHelper.invokeMethod(MethodInvocationHelper.java:141)
	at org.testng.internal.invokers.TestInvoker.invokeMethod(TestInvoker.java:686)
	at org.testng.internal.invokers.TestInvoker.invokeTestMethod(TestInvoker.java:230)
	at org.testng.internal.invokers.MethodRunner.runInSequence(MethodRunner.java:63)
	at org.testng.internal.invokers.TestInvoker$MethodInvocationAgent.invoke(TestInvoker.java:992)
	at org.testng.internal.invokers.TestInvoker.invokeTestMethods(TestInvoker.java:203)
	at org.testng.internal.invokers.TestMethodWorker.invokeTestMethods(TestMethodWorker.java:154)
	at org.testng.internal.invokers.TestMethodWorker.run(TestMethodWorker.java:134)
	at java.base/java.util.ArrayList.forEach(ArrayList.java:1597)
	at org.testng.TestRunner.privateRun(TestRunner.java:739)
	at org.testng.TestRunner.run(TestRunner.java:614)
	at org.testng.SuiteRunner.runTest(SuiteRunner.java:421)
	at org.testng.SuiteRunner.runSequentially(SuiteRunner.java:413)
	at org.testng.SuiteRunner.privateRun(SuiteRunner.java:373)
	at org.testng.SuiteRunner.run(SuiteRunner.java:312)
	at org.testng.SuiteRunnerWorker.runSuite(SuiteRunnerWorker.java:52)
	at org.testng.SuiteRunnerWorker.run(SuiteRunnerWorker.java:95)
	at org.testng.TestNG.runSuitesSequentially(TestNG.java:1274)
	at org.testng.TestNG.runSuitesLocally(TestNG.java:1208)
	at org.testng.TestNG.runSuites(TestNG.java:1112)
	at org.testng.TestNG.run(TestNG.java:1079)
	at org.testng.remote.AbstractRemoteTestNG.run(AbstractRemoteTestNG.java:115)
	at org.testng.remote.RemoteTestNG.initAndRun(RemoteTestNG.java:293)
	at org.testng.remote.RemoteTestNG.main(RemoteTestNG.java:91)
</pre></div></td>
<td>0</td>
<td>demoTestNG.TestScenario7@732c2a62</td></tr>
<tr>
<td title='demoTestNG.TestScenario4.forth_testcase()'><b>forth_testcase</b><br>Test class: demoTestNG.TestScenario4</td>
<td><div><pre>java.lang.AssertionError: expected [Hello1] but found [Hello]
	at demoTestNG.TestScenario4.forth_testcase(TestScenario4.java:32)
	at java.base/java.util.ArrayList.forEach(ArrayList.java:1597)
... Removed 31 stack frames</pre></div><a href='#' onClick='toggleBox("stack-trace993420850", this, "Click to show all stack frames", "Click to hide stack frames")'>Click to show all stack frames</a>
<div class='stack-trace' id='stack-trace993420850'><pre>java.lang.AssertionError: expected [Hello1] but found [Hello]
	at org.testng.Assert.fail(Assert.java:111)
	at org.testng.Assert.failNotEquals(Assert.java:1578)
	at org.testng.Assert.assertEqualsImpl(Assert.java:150)
	at org.testng.Assert.assertEquals(Assert.java:132)
	at org.testng.Assert.assertEquals(Assert.java:656)
	at org.testng.Assert.assertEquals(Assert.java:666)
	at demoTestNG.TestScenario4.forth_testcase(TestScenario4.java:32)
	at java.base/jdk.internal.reflect.DirectMethodHandleAccessor.invoke(DirectMethodHandleAccessor.java:103)
	at java.base/java.lang.reflect.Method.invoke(Method.java:580)
	at org.testng.internal.invokers.MethodInvocationHelper.invokeMethod(MethodInvocationHelper.java:141)
	at org.testng.internal.invokers.TestInvoker.invokeMethod(TestInvoker.java:686)
	at org.testng.internal.invokers.TestInvoker.invokeTestMethod(TestInvoker.java:230)
	at org.testng.internal.invokers.MethodRunner.runInSequence(MethodRunner.java:63)
	at org.testng.internal.invokers.TestInvoker$MethodInvocationAgent.invoke(TestInvoker.java:992)
	at org.testng.internal.invokers.TestInvoker.invokeTestMethods(TestInvoker.java:203)
	at org.testng.internal.invokers.TestMethodWorker.invokeTestMethods(TestMethodWorker.java:154)
	at org.testng.internal.invokers.TestMethodWorker.run(TestMethodWorker.java:134)
	at java.base/java.util.ArrayList.forEach(ArrayList.java:1597)
	at org.testng.TestRunner.privateRun(TestRunner.java:739)
	at org.testng.TestRunner.run(TestRunner.java:614)
	at org.testng.SuiteRunner.runTest(SuiteRunner.java:421)
	at org.testng.SuiteRunner.runSequentially(SuiteRunner.java:413)
	at org.testng.SuiteRunner.privateRun(SuiteRunner.java:373)
	at org.testng.SuiteRunner.run(SuiteRunner.java:312)
	at org.testng.SuiteRunnerWorker.runSuite(SuiteRunnerWorker.java:52)
	at org.testng.SuiteRunnerWorker.run(SuiteRunnerWorker.java:95)
	at org.testng.TestNG.runSuitesSequentially(TestNG.java:1274)
	at org.testng.TestNG.runSuitesLocally(TestNG.java:1208)
	at org.testng.TestNG.runSuites(TestNG.java:1112)
	at org.testng.TestNG.run(TestNG.java:1079)
	at org.testng.remote.AbstractRemoteTestNG.run(AbstractRemoteTestNG.java:115)
	at org.testng.remote.RemoteTestNG.initAndRun(RemoteTestNG.java:293)
	at org.testng.remote.RemoteTestNG.main(RemoteTestNG.java:91)
</pre></div></td>
<td>0</td>
<td>demoTestNG.TestScenario4@120f102b</td></tr>
<tr>
<td title='demoTestNG.TestScenario4.second_testcase()'><b>second_testcase</b><br>Test class: demoTestNG.TestScenario4</td>
<td><div><pre>java.lang.AssertionError: expected [Hello1] but found [Hello]
	at demoTestNG.TestScenario4.second_testcase(TestScenario4.java:19)
	at java.base/java.util.ArrayList.forEach(ArrayList.java:1597)
... Removed 31 stack frames</pre></div><a href='#' onClick='toggleBox("stack-trace1364127192", this, "Click to show all stack frames", "Click to hide stack frames")'>Click to show all stack frames</a>
<div class='stack-trace' id='stack-trace1364127192'><pre>java.lang.AssertionError: expected [Hello1] but found [Hello]
	at org.testng.Assert.fail(Assert.java:111)
	at org.testng.Assert.failNotEquals(Assert.java:1578)
	at org.testng.Assert.assertEqualsImpl(Assert.java:150)
	at org.testng.Assert.assertEquals(Assert.java:132)
	at org.testng.Assert.assertEquals(Assert.java:656)
	at org.testng.Assert.assertEquals(Assert.java:666)
	at demoTestNG.TestScenario4.second_testcase(TestScenario4.java:19)
	at java.base/jdk.internal.reflect.DirectMethodHandleAccessor.invoke(DirectMethodHandleAccessor.java:103)
	at java.base/java.lang.reflect.Method.invoke(Method.java:580)
	at org.testng.internal.invokers.MethodInvocationHelper.invokeMethod(MethodInvocationHelper.java:141)
	at org.testng.internal.invokers.TestInvoker.invokeMethod(TestInvoker.java:686)
	at org.testng.internal.invokers.TestInvoker.invokeTestMethod(TestInvoker.java:230)
	at org.testng.internal.invokers.MethodRunner.runInSequence(MethodRunner.java:63)
	at org.testng.internal.invokers.TestInvoker$MethodInvocationAgent.invoke(TestInvoker.java:992)
	at org.testng.internal.invokers.TestInvoker.invokeTestMethods(TestInvoker.java:203)
	at org.testng.internal.invokers.TestMethodWorker.invokeTestMethods(TestMethodWorker.java:154)
	at org.testng.internal.invokers.TestMethodWorker.run(TestMethodWorker.java:134)
	at java.base/java.util.ArrayList.forEach(ArrayList.java:1597)
	at org.testng.TestRunner.privateRun(TestRunner.java:739)
	at org.testng.TestRunner.run(TestRunner.java:614)
	at org.testng.SuiteRunner.runTest(SuiteRunner.java:421)
	at org.testng.SuiteRunner.runSequentially(SuiteRunner.java:413)
	at org.testng.SuiteRunner.privateRun(SuiteRunner.java:373)
	at org.testng.SuiteRunner.run(SuiteRunner.java:312)
	at org.testng.SuiteRunnerWorker.runSuite(SuiteRunnerWorker.java:52)
	at org.testng.SuiteRunnerWorker.run(SuiteRunnerWorker.java:95)
	at org.testng.TestNG.runSuitesSequentially(TestNG.java:1274)
	at org.testng.TestNG.runSuitesLocally(TestNG.java:1208)
	at org.testng.TestNG.runSuites(TestNG.java:1112)
	at org.testng.TestNG.run(TestNG.java:1079)
	at org.testng.remote.AbstractRemoteTestNG.run(AbstractRemoteTestNG.java:115)
	at org.testng.remote.RemoteTestNG.initAndRun(RemoteTestNG.java:293)
	at org.testng.remote.RemoteTestNG.main(RemoteTestNG.java:91)
</pre></div></td>
<td>0</td>
<td>demoTestNG.TestScenario4@120f102b</td></tr>
<tr>
<td title='demoTestNG.TestScenario6.forth_testcase()'><b>forth_testcase</b><br>Test class: demoTestNG.TestScenario6</td>
<td><div><pre>java.lang.AssertionError: expected [Hello1] but found [Hello]
	at demoTestNG.TestScenario6.forth_testcase(TestScenario6.java:32)
	at java.base/java.util.ArrayList.forEach(ArrayList.java:1597)
... Removed 31 stack frames</pre></div><a href='#' onClick='toggleBox("stack-trace156711739", this, "Click to show all stack frames", "Click to hide stack frames")'>Click to show all stack frames</a>
<div class='stack-trace' id='stack-trace156711739'><pre>java.lang.AssertionError: expected [Hello1] but found [Hello]
	at org.testng.Assert.fail(Assert.java:111)
	at org.testng.Assert.failNotEquals(Assert.java:1578)
	at org.testng.Assert.assertEqualsImpl(Assert.java:150)
	at org.testng.Assert.assertEquals(Assert.java:132)
	at org.testng.Assert.assertEquals(Assert.java:656)
	at org.testng.Assert.assertEquals(Assert.java:666)
	at demoTestNG.TestScenario6.forth_testcase(TestScenario6.java:32)
	at java.base/jdk.internal.reflect.DirectMethodHandleAccessor.invoke(DirectMethodHandleAccessor.java:103)
	at java.base/java.lang.reflect.Method.invoke(Method.java:580)
	at org.testng.internal.invokers.MethodInvocationHelper.invokeMethod(MethodInvocationHelper.java:141)
	at org.testng.internal.invokers.TestInvoker.invokeMethod(TestInvoker.java:686)
	at org.testng.internal.invokers.TestInvoker.invokeTestMethod(TestInvoker.java:230)
	at org.testng.internal.invokers.MethodRunner.runInSequence(MethodRunner.java:63)
	at org.testng.internal.invokers.TestInvoker$MethodInvocationAgent.invoke(TestInvoker.java:992)
	at org.testng.internal.invokers.TestInvoker.invokeTestMethods(TestInvoker.java:203)
	at org.testng.internal.invokers.TestMethodWorker.invokeTestMethods(TestMethodWorker.java:154)
	at org.testng.internal.invokers.TestMethodWorker.run(TestMethodWorker.java:134)
	at java.base/java.util.ArrayList.forEach(ArrayList.java:1597)
	at org.testng.TestRunner.privateRun(TestRunner.java:739)
	at org.testng.TestRunner.run(TestRunner.java:614)
	at org.testng.SuiteRunner.runTest(SuiteRunner.java:421)
	at org.testng.SuiteRunner.runSequentially(SuiteRunner.java:413)
	at org.testng.SuiteRunner.privateRun(SuiteRunner.java:373)
	at org.testng.SuiteRunner.run(SuiteRunner.java:312)
	at org.testng.SuiteRunnerWorker.runSuite(SuiteRunnerWorker.java:52)
	at org.testng.SuiteRunnerWorker.run(SuiteRunnerWorker.java:95)
	at org.testng.TestNG.runSuitesSequentially(TestNG.java:1274)
	at org.testng.TestNG.runSuitesLocally(TestNG.java:1208)
	at org.testng.TestNG.runSuites(TestNG.java:1112)
	at org.testng.TestNG.run(TestNG.java:1079)
	at org.testng.remote.AbstractRemoteTestNG.run(AbstractRemoteTestNG.java:115)
	at org.testng.remote.RemoteTestNG.initAndRun(RemoteTestNG.java:293)
	at org.testng.remote.RemoteTestNG.main(RemoteTestNG.java:91)
</pre></div></td>
<td>0</td>
<td>demoTestNG.TestScenario6@272ed83b</td></tr>
<tr>
<td title='demoTestNG.TestScenario.first_testcase()'><b>first_testcase</b><br>Test class: demoTestNG.TestScenario</td>
<td><div><pre>java.lang.AssertionError: expected [Hello1] but found [Hello]
	at demoTestNG.TestScenario.first_testcase(TestScenario.java:15)
	at java.base/java.util.ArrayList.forEach(ArrayList.java:1597)
... Removed 31 stack frames</pre></div><a href='#' onClick='toggleBox("stack-trace406765571", this, "Click to show all stack frames", "Click to hide stack frames")'>Click to show all stack frames</a>
<div class='stack-trace' id='stack-trace406765571'><pre>java.lang.AssertionError: expected [Hello1] but found [Hello]
	at org.testng.Assert.fail(Assert.java:111)
	at org.testng.Assert.failNotEquals(Assert.java:1578)
	at org.testng.Assert.assertEqualsImpl(Assert.java:150)
	at org.testng.Assert.assertEquals(Assert.java:132)
	at org.testng.Assert.assertEquals(Assert.java:656)
	at org.testng.Assert.assertEquals(Assert.java:666)
	at demoTestNG.TestScenario.first_testcase(TestScenario.java:15)
	at java.base/jdk.internal.reflect.DirectMethodHandleAccessor.invoke(DirectMethodHandleAccessor.java:103)
	at java.base/java.lang.reflect.Method.invoke(Method.java:580)
	at org.testng.internal.invokers.MethodInvocationHelper.invokeMethod(MethodInvocationHelper.java:141)
	at org.testng.internal.invokers.TestInvoker.invokeMethod(TestInvoker.java:686)
	at org.testng.internal.invokers.TestInvoker.invokeTestMethod(TestInvoker.java:230)
	at org.testng.internal.invokers.MethodRunner.runInSequence(MethodRunner.java:63)
	at org.testng.internal.invokers.TestInvoker$MethodInvocationAgent.invoke(TestInvoker.java:992)
	at org.testng.internal.invokers.TestInvoker.invokeTestMethods(TestInvoker.java:203)
	at org.testng.internal.invokers.TestMethodWorker.invokeTestMethods(TestMethodWorker.java:154)
	at org.testng.internal.invokers.TestMethodWorker.run(TestMethodWorker.java:134)
	at java.base/java.util.ArrayList.forEach(ArrayList.java:1597)
	at org.testng.TestRunner.privateRun(TestRunner.java:739)
	at org.testng.TestRunner.run(TestRunner.java:614)
	at org.testng.SuiteRunner.runTest(SuiteRunner.java:421)
	at org.testng.SuiteRunner.runSequentially(SuiteRunner.java:413)
	at org.testng.SuiteRunner.privateRun(SuiteRunner.java:373)
	at org.testng.SuiteRunner.run(SuiteRunner.java:312)
	at org.testng.SuiteRunnerWorker.runSuite(SuiteRunnerWorker.java:52)
	at org.testng.SuiteRunnerWorker.run(SuiteRunnerWorker.java:95)
	at org.testng.TestNG.runSuitesSequentially(TestNG.java:1274)
	at org.testng.TestNG.runSuitesLocally(TestNG.java:1208)
	at org.testng.TestNG.runSuites(TestNG.java:1112)
	at org.testng.TestNG.run(TestNG.java:1079)
	at org.testng.remote.AbstractRemoteTestNG.run(AbstractRemoteTestNG.java:115)
	at org.testng.remote.RemoteTestNG.initAndRun(RemoteTestNG.java:293)
	at org.testng.remote.RemoteTestNG.main(RemoteTestNG.java:91)
</pre></div></td>
<td>0</td>
<td>demoTestNG.TestScenario@1eb5174b</td></tr>
</table><p>
<table width='100%' border='1' class='invocation-passed'>
<tr><td colspan='4' align='center'><b>PASSED TESTS</b></td></tr>
<tr><td><b>Test method</b></td>
<td><b>Attribute(s)</b></td>
<td width="30%"><b>Exception</b></td>
<td width="10%"><b>Time (seconds)</b></td>
<td><b>Instance</b></td>
</tr>
<tr>
<td title='demoTestNG.TestScenario2.sixth_testcase()'><b>sixth_testcase</b><br>Test class: demoTestNG.TestScenario2</td>
<td></td>
<td>0</td>
<td>demoTestNG.TestScenario2@44821a96</td></tr>
<tr>
<td title='demoTestNG.TestScenario6.first_testcase()'><b>first_testcase</b><br>Test class: demoTestNG.TestScenario6</td>
<td></td>
<td>0</td>
<td>demoTestNG.TestScenario6@272ed83b</td></tr>
<tr>
<td title='demoTestNG.TestScenario8.forth_testcase()'><b>forth_testcase</b><br>Test class: demoTestNG.TestScenario8</td>
<td></td>
<td>0</td>
<td>demoTestNG.TestScenario8@41e1e210</td></tr>
<tr>
<td title='demoTestNG.TestScenario7.sixth_testcase()'><b>sixth_testcase</b><br>Test class: demoTestNG.TestScenario7</td>
<td></td>
<td>0</td>
<td>demoTestNG.TestScenario7@732c2a62</td></tr>
<tr>
<td title='demoTestNG.TestScenario.second_testcase()'><b>second_testcase</b><br>Test class: demoTestNG.TestScenario</td>
<td></td>
<td>0</td>
<td>demoTestNG.TestScenario@1eb5174b</td></tr>
<tr>
<td title='demoTestNG.TestScenario10.forth_testcase()'><b>forth_testcase</b><br>Test class: demoTestNG.TestScenario10</td>
<td></td>
<td>0</td>
<td>demoTestNG.TestScenario10@2f8dad04</td></tr>
<tr>
<td title='org.xyz.auto.fb.HandleKey_Mouse_Alerts_Window_Frames.tc01_handleFrames()'><b>tc01_handleFrames</b><br>Test class: org.xyz.auto.fb.HandleKey_Mouse_Alerts_Window_Frames</td>
<td></td>
<td>71</td>
<td>org.xyz.auto.fb.HandleKey_Mouse_Alerts_Window_Frames@be35cd9</td></tr>
<tr>
<td title='demoTestNG.TestScenario5.fifth_testcase()'><b>fifth_testcase</b><br>Test class: demoTestNG.TestScenario5</td>
<td></td>
<td>0</td>
<td>demoTestNG.TestScenario5@41fecb8b</td></tr>
<tr>
<td title='demoTestNG.TestScenario5.first_testcase()'><b>first_testcase</b><br>Test class: demoTestNG.TestScenario5</td>
<td></td>
<td>0</td>
<td>demoTestNG.TestScenario5@41fecb8b</td></tr>
<tr>
<td title='demoTestNG.TestScenario10.second_testcase()'><b>second_testcase</b><br>Test class: demoTestNG.TestScenario10</td>
<td></td>
<td>0</td>
<td>demoTestNG.TestScenario10@2f8dad04</td></tr>
<tr>
<td title='demoTestNG.TestScenario9.sixth_testcase()'><b>sixth_testcase</b><br>Test class: demoTestNG.TestScenario9</td>
<td></td>
<td>0</td>
<td>demoTestNG.TestScenario9@29e495ff</td></tr>
<tr>
<td title='org.xyz.auto.fb.HandleKey_Mouse_Alerts_Window_Frames.tc02_handleAlerts()'><b>tc02_handleAlerts</b><br>Test class: org.xyz.auto.fb.HandleKey_Mouse_Alerts_Window_Frames</td>
<td></td>
<td>14</td>
<td>org.xyz.auto.fb.HandleKey_Mouse_Alerts_Window_Frames@be35cd9</td></tr>
<tr>
<td title='demoTestNG.TestScenario5.sixth_testcase()'><b>sixth_testcase</b><br>Test class: demoTestNG.TestScenario5</td>
<td></td>
<td>0</td>
<td>demoTestNG.TestScenario5@41fecb8b</td></tr>
<tr>
<td title='demoTestNG.TestScenario3.forth_testcase()'><b>forth_testcase</b><br>Test class: demoTestNG.TestScenario3</td>
<td></td>
<td>0</td>
<td>demoTestNG.TestScenario3@4944252c</td></tr>
<tr>
<td title='demoTestNG.TestScenario.fifth_testcase()'><b>fifth_testcase</b><br>Test class: demoTestNG.TestScenario</td>
<td></td>
<td>0</td>
<td>demoTestNG.TestScenario@1eb5174b</td></tr>
<tr>
<td title='demoTestNG.TestScenario2.first_testcase()'><b>first_testcase</b><br>Test class: demoTestNG.TestScenario2</td>
<td></td>
<td>0</td>
<td>demoTestNG.TestScenario2@44821a96</td></tr>
<tr>
<td title='demoTestNG.TestScenario2.second_testcase()'><b>second_testcase</b><br>Test class: demoTestNG.TestScenario2</td>
<td></td>
<td>0</td>
<td>demoTestNG.TestScenario2@44821a96</td></tr>
<tr>
<td title='demoTestNG.TestScenario3.third_testcase()'><b>third_testcase</b><br>Test class: demoTestNG.TestScenario3</td>
<td></td>
<td>0</td>
<td>demoTestNG.TestScenario3@4944252c</td></tr>
<tr>
<td title='demoTestNG.TestScenario2.fifth_testcase()'><b>fifth_testcase</b><br>Test class: demoTestNG.TestScenario2</td>
<td></td>
<td>0</td>
<td>demoTestNG.TestScenario2@44821a96</td></tr>
<tr>
<td title='demoTestNG.TestScenario10.fifth_testcase()'><b>fifth_testcase</b><br>Test class: demoTestNG.TestScenario10</td>
<td></td>
<td>0</td>
<td>demoTestNG.TestScenario10@2f8dad04</td></tr>
<tr>
<td title='demoTestNG.TestScenario8.third_testcase()'><b>third_testcase</b><br>Test class: demoTestNG.TestScenario8</td>
<td></td>
<td>0</td>
<td>demoTestNG.TestScenario8@41e1e210</td></tr>
<tr>
<td title='demoTestNG.TestScenario4.sixth_testcase()'><b>sixth_testcase</b><br>Test class: demoTestNG.TestScenario4</td>
<td></td>
<td>0</td>
<td>demoTestNG.TestScenario4@120f102b</td></tr>
<tr>
<td title='demoTestNG.TestScenario6.third_testcase()'><b>third_testcase</b><br>Test class: demoTestNG.TestScenario6</td>
<td></td>
<td>0</td>
<td>demoTestNG.TestScenario6@272ed83b</td></tr>
<tr>
<td title='demoTestNG.TestScenario10.sixth_testcase()'><b>sixth_testcase</b><br>Test class: demoTestNG.TestScenario10</td>
<td></td>
<td>0</td>
<td>demoTestNG.TestScenario10@2f8dad04</td></tr>
<tr>
<td title='demoTestNG.TestScenario9.third_testcase()'><b>third_testcase</b><br>Test class: demoTestNG.TestScenario9</td>
<td></td>
<td>0</td>
<td>demoTestNG.TestScenario9@29e495ff</td></tr>
<tr>
<td title='demoTestNG.TestScenario10.first_testcase()'><b>first_testcase</b><br>Test class: demoTestNG.TestScenario10</td>
<td></td>
<td>0</td>
<td>demoTestNG.TestScenario10@2f8dad04</td></tr>
<tr>
<td title='demoTestNG.TestScenario8.fifth_testcase()'><b>fifth_testcase</b><br>Test class: demoTestNG.TestScenario8</td>
<td></td>
<td>0</td>
<td>demoTestNG.TestScenario8@41e1e210</td></tr>
<tr>
<td title='demoTestNG.TestScenario5.third_testcase()'><b>third_testcase</b><br>Test class: demoTestNG.TestScenario5</td>
<td></td>
<td>0</td>
<td>demoTestNG.TestScenario5@41fecb8b</td></tr>
<tr>
<td title='demoTestNG.TestScenario9.first_testcase()'><b>first_testcase</b><br>Test class: demoTestNG.TestScenario9</td>
<td></td>
<td>0</td>
<td>demoTestNG.TestScenario9@29e495ff</td></tr>
<tr>
<td title='demoTestNG.TestScenario8.sixth_testcase()'><b>sixth_testcase</b><br>Test class: demoTestNG.TestScenario8</td>
<td></td>
<td>0</td>
<td>demoTestNG.TestScenario8@41e1e210</td></tr>
<tr>
<td title='demoTestNG.TestScenario8.first_testcase()'><b>first_testcase</b><br>Test class: demoTestNG.TestScenario8</td>
<td></td>
<td>0</td>
<td>demoTestNG.TestScenario8@41e1e210</td></tr>
<tr>
<td title='demoTestNG.TestScenario3.sixth_testcase()'><b>sixth_testcase</b><br>Test class: demoTestNG.TestScenario3</td>
<td></td>
<td>0</td>
<td>demoTestNG.TestScenario3@4944252c</td></tr>
<tr>
<td title='demoTestNG.TestScenario10.third_testcase()'><b>third_testcase</b><br>Test class: demoTestNG.TestScenario10</td>
<td></td>
<td>0</td>
<td>demoTestNG.TestScenario10@2f8dad04</td></tr>
<tr>
<td title='demoTestNG.TestScenario2.third_testcase()'><b>third_testcase</b><br>Test class: demoTestNG.TestScenario2</td>
<td></td>
<td>0</td>
<td>demoTestNG.TestScenario2@44821a96</td></tr>
<tr>
<td title='demoTestNG.TestScenario.third_testcase()'><b>third_testcase</b><br>Test class: demoTestNG.TestScenario</td>
<td></td>
<td>0</td>
<td>demoTestNG.TestScenario@1eb5174b</td></tr>
<tr>
<td title='demoTestNG.TestScenario5.forth_testcase()'><b>forth_testcase</b><br>Test class: demoTestNG.TestScenario5</td>
<td></td>
<td>0</td>
<td>demoTestNG.TestScenario5@41fecb8b</td></tr>
<tr>
<td title='demoTestNG.TestScenario8.second_testcase()'><b>second_testcase</b><br>Test class: demoTestNG.TestScenario8</td>
<td></td>
<td>0</td>
<td>demoTestNG.TestScenario8@41e1e210</td></tr>
<tr>
<td title='demoTestNG.TestScenario2.forth_testcase()'><b>forth_testcase</b><br>Test class: demoTestNG.TestScenario2</td>
<td></td>
<td>0</td>
<td>demoTestNG.TestScenario2@44821a96</td></tr>
<tr>
<td title='demoTestNG.TestScenario4.fifth_testcase()'><b>fifth_testcase</b><br>Test class: demoTestNG.TestScenario4</td>
<td></td>
<td>0</td>
<td>demoTestNG.TestScenario4@120f102b</td></tr>
<tr>
<td title='demoTestNG.TestScenario4.first_testcase()'><b>first_testcase</b><br>Test class: demoTestNG.TestScenario4</td>
<td></td>
<td>0</td>
<td>demoTestNG.TestScenario4@120f102b</td></tr>
<tr>
<td title='demoTestNG.TestScenario3.fifth_testcase()'><b>fifth_testcase</b><br>Test class: demoTestNG.TestScenario3</td>
<td></td>
<td>0</td>
<td>demoTestNG.TestScenario3@4944252c</td></tr>
<tr>
<td title='demoTestNG.TestScenario5.second_testcase()'><b>second_testcase</b><br>Test class: demoTestNG.TestScenario5</td>
<td></td>
<td>0</td>
<td>demoTestNG.TestScenario5@41fecb8b</td></tr>
<tr>
<td title='demoTestNG.TestScenario7.first_testcase()'><b>first_testcase</b><br>Test class: demoTestNG.TestScenario7</td>
<td></td>
<td>0</td>
<td>demoTestNG.TestScenario7@732c2a62</td></tr>
<tr>
<td title='demoTestNG.TestScenario9.second_testcase()'><b>second_testcase</b><br>Test class: demoTestNG.TestScenario9</td>
<td></td>
<td>0</td>
<td>demoTestNG.TestScenario9@29e495ff</td></tr>
<tr>
<td title='demoTestNG.TestScenario3.second_testcase()'><b>second_testcase</b><br>Test class: demoTestNG.TestScenario3</td>
<td></td>
<td>0</td>
<td>demoTestNG.TestScenario3@4944252c</td></tr>
<tr>
<td title='demoTestNG.TestScenario6.sixth_testcase()'><b>sixth_testcase</b><br>Test class: demoTestNG.TestScenario6</td>
<td></td>
<td>0</td>
<td>demoTestNG.TestScenario6@272ed83b</td></tr>
<tr>
<td title='demoTestNG.TestScenario7.fifth_testcase()'><b>fifth_testcase</b><br>Test class: demoTestNG.TestScenario7</td>
<td></td>
<td>0</td>
<td>demoTestNG.TestScenario7@732c2a62</td></tr>
<tr>
<td title='demoTestNG.TestScenario4.third_testcase()'><b>third_testcase</b><br>Test class: demoTestNG.TestScenario4</td>
<td></td>
<td>0</td>
<td>demoTestNG.TestScenario4@120f102b</td></tr>
<tr>
<td title='demoTestNG.TestScenario6.fifth_testcase()'><b>fifth_testcase</b><br>Test class: demoTestNG.TestScenario6</td>
<td></td>
<td>0</td>
<td>demoTestNG.TestScenario6@272ed83b</td></tr>
<tr>
<td title='demoTestNG.TestScenario.sixth_testcase()'><b>sixth_testcase</b><br>Test class: demoTestNG.TestScenario</td>
<td></td>
<td>0</td>
<td>demoTestNG.TestScenario@1eb5174b</td></tr>
<tr>
<td title='demoTestNG.TestScenario7.second_testcase()'><b>second_testcase</b><br>Test class: demoTestNG.TestScenario7</td>
<td></td>
<td>0</td>
<td>demoTestNG.TestScenario7@732c2a62</td></tr>
</table><p>
<table width='100%' border='1' class='invocation-skipped'>
<tr><td colspan='4' align='center'><b>SKIPPED TESTS</b></td></tr>
<tr><td><b>Test method</b></td>
<td><b>Attribute(s)</b></td>
<td width="30%"><b>Exception</b></td>
<td width="10%"><b>Time (seconds)</b></td>
<td><b>Instance</b></td>
</tr>
<tr>
<td title='demoTestNG.TestScenario7.forth_testcase()'><b>forth_testcase</b><br>Test class: demoTestNG.TestScenario7</td>
<td><div><pre>java.lang.Throwable: Method demoTestNG.TestScenario7.forth_testcase() on instance demoTestNG.TestScenario7@732c2a62 depends on not successfully finished methods 
[demoTestNG.TestScenario7.third_testcase() on instance demoTestNG.TestScenario7@732c2a62]
	at java.base/java.util.ArrayList.forEach(ArrayList.java:1597)
... Removed 18 stack frames</pre></div><a href='#' onClick='toggleBox("stack-trace24097622", this, "Click to show all stack frames", "Click to hide stack frames")'>Click to show all stack frames</a>
<div class='stack-trace' id='stack-trace24097622'><pre>java.lang.Throwable: Method demoTestNG.TestScenario7.forth_testcase() on instance demoTestNG.TestScenario7@732c2a62 depends on not successfully finished methods 
[demoTestNG.TestScenario7.third_testcase() on instance demoTestNG.TestScenario7@732c2a62]
	at org.testng.internal.invokers.TestInvoker.invokeTestMethods(TestInvoker.java:159)
	at org.testng.internal.invokers.TestMethodWorker.invokeTestMethods(TestMethodWorker.java:154)
	at org.testng.internal.invokers.TestMethodWorker.run(TestMethodWorker.java:134)
	at java.base/java.util.ArrayList.forEach(ArrayList.java:1597)
	at org.testng.TestRunner.privateRun(TestRunner.java:739)
	at org.testng.TestRunner.run(TestRunner.java:614)
	at org.testng.SuiteRunner.runTest(SuiteRunner.java:421)
	at org.testng.SuiteRunner.runSequentially(SuiteRunner.java:413)
	at org.testng.SuiteRunner.privateRun(SuiteRunner.java:373)
	at org.testng.SuiteRunner.run(SuiteRunner.java:312)
	at org.testng.SuiteRunnerWorker.runSuite(SuiteRunnerWorker.java:52)
	at org.testng.SuiteRunnerWorker.run(SuiteRunnerWorker.java:95)
	at org.testng.TestNG.runSuitesSequentially(TestNG.java:1274)
	at org.testng.TestNG.runSuitesLocally(TestNG.java:1208)
	at org.testng.TestNG.runSuites(TestNG.java:1112)
	at org.testng.TestNG.run(TestNG.java:1079)
	at org.testng.remote.AbstractRemoteTestNG.run(AbstractRemoteTestNG.java:115)
	at org.testng.remote.RemoteTestNG.initAndRun(RemoteTestNG.java:293)
	at org.testng.remote.RemoteTestNG.main(RemoteTestNG.java:91)
</pre></div></td>
<td>0</td>
<td>demoTestNG.TestScenario7@732c2a62</td></tr>
</table><p>
</body>
</html>